<?xml version="1.0" encoding="UTF-8"?>
<!-- Generated by org.testng.reporters.JUnitReportReporter -->
<testsuite hostname="LAPTOP-8O3S0JOC" failures="0" tests="6" name="testAssured.APIEndpoints" time="2.159" errors="0" timestamp="2023-12-23T13:55:43 IST" skipped="0">
  <testcase classname="testAssured.APIEndpoints" name="get_all_products" time="1.656"/>
  <system-out/>
  <testcase classname="testAssured.APIEndpoints" name="get_all_users" time="0.024"/>
  <system-out/>
  <testcase classname="testAssured.APIEndpoints" name="add_Product" time="0.423"/>
  <system-out/>
  <testcase classname="testAssured.APIEndpoints" name="update_ProductName" time="0.016"/>
  <system-out/>
  <testcase classname="testAssured.APIEndpoints" name="update_ProductStatus" time="0.016"/>
  <system-out/>
  <testcase classname="testAssured.APIEndpoints" name="deleteProduct" time="0.024"/>
  <system-out/>
</testsuite> <!-- testAssured.APIEndpoints -->
