<?xml version="1.0" encoding="UTF-8"?>
<!-- Generated by org.testng.reporters.JUnitReportReporter -->
<testsuite hostname="LAPTOP-8O3S0JOC" failures="0" tests="2" name="runner.TestNGRunner" time="84.625" errors="0" timestamp="2024-01-18T19:54:08 IST" skipped="0">
  <testcase classname="runner.TestNGRunner" name="runScenario" time="43.599"/>
  <system-out/>
  <testcase classname="runner.TestNGRunner" name="runScenario" time="41.026"/>
  <system-out/>
</testsuite> <!-- runner.TestNGRunner -->
