<?xml version="1.0" encoding="UTF-8"?>
<!-- Generated by org.testng.reporters.JUnitReportReporter -->
<testsuite hostname="LAPTOP-8O3S0JOC" failures="0" tests="1" name="tests.Withdraw_from_Account_Test" time="47.206" errors="0" timestamp="2024-01-20T03:45:34 IST" skipped="0">
  <testcase classname="tests.Withdraw_from_Account_Test" name="testdeposite" time="47.206"/>
  <system-out/>
</testsuite> <!-- tests.Withdraw_from_Account_Test -->
